<?xml version="1.0" encoding="UTF-8"?>
<testsuite name="GameOfLifeTest" tests="1" skipped="0" failures="1" errors="0" timestamp="2021-10-11T15:14:56" hostname="STANDRECHNER" time="2.654">
  <properties/>
  <testcase name="start" classname="GameOfLifeTest" time="2.654">
    <failure message="java.lang.AssertionError: Wrong answer in test #7&#10;&#10;When PlayToggleButton is toggled the program should generate new generations! The number in GenerationLabel should change!&#10;Also make sure your program doesn't sleep more than 150 ms after each generation!&#10;&#10;Please find below the output of your program during this failed test.&#10;&#10;---&#10;&#10;stdout:&#10;Generation #0&#10;Generation #0&#10;Generation #0&#10;Generation #0&#10;&#10;stderr:&#10;Exception in thread &quot;AWT-EventQueue-0&quot; java.lang.NullPointerException&#10;&#9;at life.SimulationPane.paintComponent(SimulationPane.java:16)&#10;&#9;at java.desktop/javax.swing.JComponent.paint(JComponent.java:1077)&#10;&#9;at java.desktop/javax.swing.JComponent.paintChildren(JComponent.java:910)&#10;&#9;at java.desktop/javax.swing.JComponent.paint(JComponent.java:1086)&#10;&#9;at java.desktop/javax.swing.JComponent.paintChildren(JComponent.java:910)&#10;&#9;at java.desktop/javax.swing.JComponent.paint(JComponent.java:1086)&#10;&#9;at java.desktop/javax.swing.JLayeredPane.paint(JLayeredPane.java:590)&#10;&#9;at java.desktop/javax.swing.JComponent.paintChildren(JComponent.java:910)&#10;&#9;at java.desktop/javax.swing.JComponent.paintToOffscreen(JComponent.java:5270)&#10;&#9;at java.desktop/javax.swing.RepaintManager$PaintManager.paintDoubleBufferedImpl(RepaintManager.java:1654)&#10;&#9;at java.desktop/javax.swing.RepaintManager$PaintManager.paintDoubleBuffered(RepaintManager.java:1629)&#10;&#9;at java.desktop/javax.swing.RepaintManager$PaintManager.paint(RepaintManager.java:1566)&#10;&#9;at java.desktop/javax.swing.RepaintManager.paint(RepaintManager.java:1333)&#10;&#9;at java.desktop/javax.swing.JComponent.paint(JComponent.java:1063)&#10;&#9;at java.desktop/java.awt.GraphicsCallback$PaintCallback.run(GraphicsCallback.java:39)&#10;&#9;at java.desktop/sun.awt.SunGraphicsCallback.runOneComponent(SunGraphicsCallback.java:78)&#10;&#9;at java.desktop/sun.awt.SunGraphicsCallback.runComponents(SunGraphicsCallback.java:115)&#10;&#9;at java.desktop/java.awt.Container.paint(Container.java:2002)&#10;&#9;at java.desktop/java.awt.Window.paint(Window.java:3952)&#10;&#9;at java.desktop/javax.swing.RepaintManager$4.run(RepaintManager.java:879)&#10;&#9;at java.desktop/javax.swing.RepaintManager$4.run(RepaintManager.java:851)&#10;&#9;at java.base/java.security.AccessController.doPrivileged(Native Method)&#10;&#9;at java.base/java.security.ProtectionDomain$JavaSecurityAccessImpl.doIntersectionPrivilege(ProtectionDomain.java:85)&#10;&#9;at java.desktop/javax.swing.RepaintManager.paintDirtyRegions(RepaintManager.java:851)&#10;&#9;at java.desktop/javax.swing.RepaintManager.paintDirtyRegions(RepaintManager.java:826)&#10;&#9;at java.desktop/javax.swing.RepaintManager.prePaintDirtyRegions(RepaintManager.java:775)&#10;&#9;at java.desktop/javax.swing.RepaintManager$ProcessingRunnable.run(RepaintManager.java:1901)&#10;&#9;at java.desktop/java.awt.event.InvocationEvent.dispatch(InvocationEvent.java:313)&#10;&#9;at java.desktop/java.awt.EventQueue.dispatchEventImpl(EventQueue.java:776)&#10;&#9;at java.desktop/java.awt.EventQueue$4.run(EventQueue.java:727)&#10;&#9;at java.desktop/java.awt.EventQueue$4.run(EventQueue.java:721)&#10;&#9;at java.base/java.security.AccessController.doPrivileged(Native Method)&#10;&#9;at java.base/java.security.ProtectionDomain$JavaSecurityAccessImpl.doIntersectionPrivilege(ProtectionDomain.java:85)&#10;&#9;at java.desktop/java.awt.EventQueue.dispatchEvent(EventQueue.java:746)&#10;&#9;at java.desktop/java.awt.EventDispatchThread.pumpOneEventForFilters(EventDispatchThread.java:203)&#10;&#9;at java.desktop/java.awt.EventDispatchThread.pumpEventsForFilter(EventDispatchThread.java:124)&#10;&#9;at java.desktop/java.awt.EventDispatchThread.pumpEventsForHierarchy(EventDispatchThread.java:113)&#10;&#9;at java.desktop/java.awt.EventDispatchThread.pumpEvents(EventDispatchThread.java:109)&#10;&#9;at java.desktop/java.awt.EventDispatchThread.pumpEvents(EventDispatchThread.java:101)&#10;&#9;at java.desktop/java.awt.EventDispatchThread.run(EventDispatchThread.java:90)" type="java.lang.AssertionError">java.lang.AssertionError: Wrong answer in test #7

When PlayToggleButton is toggled the program should generate new generations! The number in GenerationLabel should change!
Also make sure your program doesn't sleep more than 150 ms after each generation!

Please find below the output of your program during this failed test.

---

stdout:
Generation #0
Generation #0
Generation #0
Generation #0

stderr:
Exception in thread &quot;AWT-EventQueue-0&quot; java.lang.NullPointerException
	at life.SimulationPane.paintComponent(SimulationPane.java:16)
	at java.desktop/javax.swing.JComponent.paint(JComponent.java:1077)
	at java.desktop/javax.swing.JComponent.paintChildren(JComponent.java:910)
	at java.desktop/javax.swing.JComponent.paint(JComponent.java:1086)
	at java.desktop/javax.swing.JComponent.paintChildren(JComponent.java:910)
	at java.desktop/javax.swing.JComponent.paint(JComponent.java:1086)
	at java.desktop/javax.swing.JLayeredPane.paint(JLayeredPane.java:590)
	at java.desktop/javax.swing.JComponent.paintChildren(JComponent.java:910)
	at java.desktop/javax.swing.JComponent.paintToOffscreen(JComponent.java:5270)
	at java.desktop/javax.swing.RepaintManager$PaintManager.paintDoubleBufferedImpl(RepaintManager.java:1654)
	at java.desktop/javax.swing.RepaintManager$PaintManager.paintDoubleBuffered(RepaintManager.java:1629)
	at java.desktop/javax.swing.RepaintManager$PaintManager.paint(RepaintManager.java:1566)
	at java.desktop/javax.swing.RepaintManager.paint(RepaintManager.java:1333)
	at java.desktop/javax.swing.JComponent.paint(JComponent.java:1063)
	at java.desktop/java.awt.GraphicsCallback$PaintCallback.run(GraphicsCallback.java:39)
	at java.desktop/sun.awt.SunGraphicsCallback.runOneComponent(SunGraphicsCallback.java:78)
	at java.desktop/sun.awt.SunGraphicsCallback.runComponents(SunGraphicsCallback.java:115)
	at java.desktop/java.awt.Container.paint(Container.java:2002)
	at java.desktop/java.awt.Window.paint(Window.java:3952)
	at java.desktop/javax.swing.RepaintManager$4.run(RepaintManager.java:879)
	at java.desktop/javax.swing.RepaintManager$4.run(RepaintManager.java:851)
	at java.base/java.security.AccessController.doPrivileged(Native Method)
	at java.base/java.security.ProtectionDomain$JavaSecurityAccessImpl.doIntersectionPrivilege(ProtectionDomain.java:85)
	at java.desktop/javax.swing.RepaintManager.paintDirtyRegions(RepaintManager.java:851)
	at java.desktop/javax.swing.RepaintManager.paintDirtyRegions(RepaintManager.java:826)
	at java.desktop/javax.swing.RepaintManager.prePaintDirtyRegions(RepaintManager.java:775)
	at java.desktop/javax.swing.RepaintManager$ProcessingRunnable.run(RepaintManager.java:1901)
	at java.desktop/java.awt.event.InvocationEvent.dispatch(InvocationEvent.java:313)
	at java.desktop/java.awt.EventQueue.dispatchEventImpl(EventQueue.java:776)
	at java.desktop/java.awt.EventQueue$4.run(EventQueue.java:727)
	at java.desktop/java.awt.EventQueue$4.run(EventQueue.java:721)
	at java.base/java.security.AccessController.doPrivileged(Native Method)
	at java.base/java.security.ProtectionDomain$JavaSecurityAccessImpl.doIntersectionPrivilege(ProtectionDomain.java:85)
	at java.desktop/java.awt.EventQueue.dispatchEvent(EventQueue.java:746)
	at java.desktop/java.awt.EventDispatchThread.pumpOneEventForFilters(EventDispatchThread.java:203)
	at java.desktop/java.awt.EventDispatchThread.pumpEventsForFilter(EventDispatchThread.java:124)
	at java.desktop/java.awt.EventDispatchThread.pumpEventsForHierarchy(EventDispatchThread.java:113)
	at java.desktop/java.awt.EventDispatchThread.pumpEvents(EventDispatchThread.java:109)
	at java.desktop/java.awt.EventDispatchThread.pumpEvents(EventDispatchThread.java:101)
	at java.desktop/java.awt.EventDispatchThread.run(EventDispatchThread.java:90)
	at org.junit.Assert.fail(Assert.java:88)
	at org.hyperskill.hstest.stage.StageTest.start(StageTest.java:155)
	at java.base/jdk.internal.reflect.NativeMethodAccessorImpl.invoke0(Native Method)
	at java.base/jdk.internal.reflect.NativeMethodAccessorImpl.invoke(NativeMethodAccessorImpl.java:62)
	at java.base/jdk.internal.reflect.DelegatingMethodAccessorImpl.invoke(DelegatingMethodAccessorImpl.java:43)
	at java.base/java.lang.reflect.Method.invoke(Method.java:566)
	at org.junit.runners.model.FrameworkMethod$1.runReflectiveCall(FrameworkMethod.java:50)
	at org.junit.internal.runners.model.ReflectiveCallable.run(ReflectiveCallable.java:12)
	at org.junit.runners.model.FrameworkMethod.invokeExplosively(FrameworkMethod.java:47)
	at org.junit.internal.runners.statements.InvokeMethod.evaluate(InvokeMethod.java:17)
	at org.junit.runners.ParentRunner.runLeaf(ParentRunner.java:325)
	at org.junit.runners.BlockJUnit4ClassRunner.runChild(BlockJUnit4ClassRunner.java:78)
	at org.junit.runners.BlockJUnit4ClassRunner.runChild(BlockJUnit4ClassRunner.java:57)
	at org.junit.runners.ParentRunner$3.run(ParentRunner.java:290)
	at org.junit.runners.ParentRunner$1.schedule(ParentRunner.java:71)
	at org.junit.runners.ParentRunner.runChildren(ParentRunner.java:288)
	at org.junit.runners.ParentRunner.access$000(ParentRunner.java:58)
	at org.junit.runners.ParentRunner$2.evaluate(ParentRunner.java:268)
	at org.junit.runners.ParentRunner.run(ParentRunner.java:363)
	at org.gradle.api.internal.tasks.testing.junit.JUnitTestClassExecutor.runTestClass(JUnitTestClassExecutor.java:110)
	at org.gradle.api.internal.tasks.testing.junit.JUnitTestClassExecutor.execute(JUnitTestClassExecutor.java:58)
	at org.gradle.api.internal.tasks.testing.junit.JUnitTestClassExecutor.execute(JUnitTestClassExecutor.java:38)
	at org.gradle.api.internal.tasks.testing.junit.AbstractJUnitTestClassProcessor.processTestClass(AbstractJUnitTestClassProcessor.java:62)
	at org.gradle.api.internal.tasks.testing.SuiteTestClassProcessor.processTestClass(SuiteTestClassProcessor.java:51)
	at java.base/jdk.internal.reflect.NativeMethodAccessorImpl.invoke0(Native Method)
	at java.base/jdk.internal.reflect.NativeMethodAccessorImpl.invoke(NativeMethodAccessorImpl.java:62)
	at java.base/jdk.internal.reflect.DelegatingMethodAccessorImpl.invoke(DelegatingMethodAccessorImpl.java:43)
	at java.base/java.lang.reflect.Method.invoke(Method.java:566)
	at org.gradle.internal.dispatch.ReflectionDispatch.dispatch(ReflectionDispatch.java:36)
	at org.gradle.internal.dispatch.ReflectionDispatch.dispatch(ReflectionDispatch.java:24)
	at org.gradle.internal.dispatch.ContextClassLoaderDispatch.dispatch(ContextClassLoaderDispatch.java:33)
	at org.gradle.internal.dispatch.ProxyDispatchAdapter$DispatchingInvocationHandler.invoke(ProxyDispatchAdapter.java:94)
	at com.sun.proxy.$Proxy2.processTestClass(Unknown Source)
	at org.gradle.api.internal.tasks.testing.worker.TestWorker.processTestClass(TestWorker.java:121)
	at java.base/jdk.internal.reflect.NativeMethodAccessorImpl.invoke0(Native Method)
	at java.base/jdk.internal.reflect.NativeMethodAccessorImpl.invoke(NativeMethodAccessorImpl.java:62)
	at java.base/jdk.internal.reflect.DelegatingMethodAccessorImpl.invoke(DelegatingMethodAccessorImpl.java:43)
	at java.base/java.lang.reflect.Method.invoke(Method.java:566)
	at org.gradle.internal.dispatch.ReflectionDispatch.dispatch(ReflectionDispatch.java:36)
	at org.gradle.internal.dispatch.ReflectionDispatch.dispatch(ReflectionDispatch.java:24)
	at org.gradle.internal.remote.internal.hub.MessageHubBackedObjectConnection$DispatchWrapper.dispatch(MessageHubBackedObjectConnection.java:182)
	at org.gradle.internal.remote.internal.hub.MessageHubBackedObjectConnection$DispatchWrapper.dispatch(MessageHubBackedObjectConnection.java:164)
	at org.gradle.internal.remote.internal.hub.MessageHub$Handler.run(MessageHub.java:414)
	at org.gradle.internal.concurrent.ExecutorPolicy$CatchAndRecordFailures.onExecute(ExecutorPolicy.java:64)
	at org.gradle.internal.concurrent.ManagedExecutorImpl$1.run(ManagedExecutorImpl.java:48)
	at java.base/java.util.concurrent.ThreadPoolExecutor.runWorker(ThreadPoolExecutor.java:1128)
	at java.base/java.util.concurrent.ThreadPoolExecutor$Worker.run(ThreadPoolExecutor.java:628)
	at org.gradle.internal.concurrent.ThreadFactoryImpl$ManagedThreadRunnable.run(ThreadFactoryImpl.java:56)
	at java.base/java.lang.Thread.run(Thread.java:829)
</failure>
  </testcase>
  <system-out><![CDATA[?[1;31m
Start test 1?[0m
?[1;31m
Start test 2?[0m
?[1;31m
Start test 3?[0m
?[1;31m
Start test 4?[0m
?[1;31m
Start test 5?[0m
?[1;31m
Start test 6?[0m
?[1;31m
Start test 7?[0m
Generation #0
Generation #0
Generation #0
Generation #0
]]></system-out>
  <system-err><![CDATA[Exception in thread "AWT-EventQueue-0" java.lang.NullPointerException
	at life.SimulationPane.paintComponent(SimulationPane.java:16)
	at java.desktop/javax.swing.JComponent.paint(JComponent.java:1077)
	at java.desktop/javax.swing.JComponent.paintChildren(JComponent.java:910)
	at java.desktop/javax.swing.JComponent.paint(JComponent.java:1086)
	at java.desktop/javax.swing.JComponent.paintChildren(JComponent.java:910)
	at java.desktop/javax.swing.JComponent.paint(JComponent.java:1086)
	at java.desktop/javax.swing.JLayeredPane.paint(JLayeredPane.java:590)
	at java.desktop/javax.swing.JComponent.paintChildren(JComponent.java:910)
	at java.desktop/javax.swing.JComponent.paintToOffscreen(JComponent.java:5270)
	at java.desktop/javax.swing.RepaintManager$PaintManager.paintDoubleBufferedImpl(RepaintManager.java:1654)
	at java.desktop/javax.swing.RepaintManager$PaintManager.paintDoubleBuffered(RepaintManager.java:1629)
	at java.desktop/javax.swing.RepaintManager$PaintManager.paint(RepaintManager.java:1566)
	at java.desktop/javax.swing.RepaintManager.paint(RepaintManager.java:1333)
	at java.desktop/javax.swing.JComponent.paint(JComponent.java:1063)
	at java.desktop/java.awt.GraphicsCallback$PaintCallback.run(GraphicsCallback.java:39)
	at java.desktop/sun.awt.SunGraphicsCallback.runOneComponent(SunGraphicsCallback.java:78)
	at java.desktop/sun.awt.SunGraphicsCallback.runComponents(SunGraphicsCallback.java:115)
	at java.desktop/java.awt.Container.paint(Container.java:2002)
	at java.desktop/java.awt.Window.paint(Window.java:3952)
	at java.desktop/javax.swing.RepaintManager$4.run(RepaintManager.java:879)
	at java.desktop/javax.swing.RepaintManager$4.run(RepaintManager.java:851)
	at java.base/java.security.AccessController.doPrivileged(Native Method)
	at java.base/java.security.ProtectionDomain$JavaSecurityAccessImpl.doIntersectionPrivilege(ProtectionDomain.java:85)
	at java.desktop/javax.swing.RepaintManager.paintDirtyRegions(RepaintManager.java:851)
	at java.desktop/javax.swing.RepaintManager.paintDirtyRegions(RepaintManager.java:826)
	at java.desktop/javax.swing.RepaintManager.prePaintDirtyRegions(RepaintManager.java:775)
	at java.desktop/javax.swing.RepaintManager$ProcessingRunnable.run(RepaintManager.java:1901)
	at java.desktop/java.awt.event.InvocationEvent.dispatch(InvocationEvent.java:313)
	at java.desktop/java.awt.EventQueue.dispatchEventImpl(EventQueue.java:776)
	at java.desktop/java.awt.EventQueue$4.run(EventQueue.java:727)
	at java.desktop/java.awt.EventQueue$4.run(EventQueue.java:721)
	at java.base/java.security.AccessController.doPrivileged(Native Method)
	at java.base/java.security.ProtectionDomain$JavaSecurityAccessImpl.doIntersectionPrivilege(ProtectionDomain.java:85)
	at java.desktop/java.awt.EventQueue.dispatchEvent(EventQueue.java:746)
	at java.desktop/java.awt.EventDispatchThread.pumpOneEventForFilters(EventDispatchThread.java:203)
	at java.desktop/java.awt.EventDispatchThread.pumpEventsForFilter(EventDispatchThread.java:124)
	at java.desktop/java.awt.EventDispatchThread.pumpEventsForHierarchy(EventDispatchThread.java:113)
	at java.desktop/java.awt.EventDispatchThread.pumpEvents(EventDispatchThread.java:109)
	at java.desktop/java.awt.EventDispatchThread.pumpEvents(EventDispatchThread.java:101)
	at java.desktop/java.awt.EventDispatchThread.run(EventDispatchThread.java:90)
Exception in thread "AWT-EventQueue-0" java.lang.NullPointerException
	at life.SimulationPane.paintComponent(SimulationPane.java:16)
	at java.desktop/javax.swing.JComponent.paint(JComponent.java:1077)
	at java.desktop/javax.swing.JComponent.paintChildren(JComponent.java:910)
	at java.desktop/javax.swing.JComponent.paint(JComponent.java:1086)
	at java.desktop/javax.swing.JComponent.paintChildren(JComponent.java:910)
	at java.desktop/javax.swing.JComponent.paint(JComponent.java:1086)
	at java.desktop/javax.swing.JLayeredPane.paint(JLayeredPane.java:590)
	at java.desktop/javax.swing.JComponent.paintChildren(JComponent.java:910)
	at java.desktop/javax.swing.JComponent.paintToOffscreen(JComponent.java:5270)
	at java.desktop/javax.swing.RepaintManager$PaintManager.paintDoubleBufferedImpl(RepaintManager.java:1654)
	at java.desktop/javax.swing.RepaintManager$PaintManager.paintDoubleBuffered(RepaintManager.java:1629)
	at java.desktop/javax.swing.RepaintManager$PaintManager.paint(RepaintManager.java:1566)
	at java.desktop/javax.swing.RepaintManager.paint(RepaintManager.java:1333)
	at java.desktop/javax.swing.JComponent.paint(JComponent.java:1063)
	at java.desktop/java.awt.GraphicsCallback$PaintCallback.run(GraphicsCallback.java:39)
	at java.desktop/sun.awt.SunGraphicsCallback.runOneComponent(SunGraphicsCallback.java:78)
	at java.desktop/sun.awt.SunGraphicsCallback.runComponents(SunGraphicsCallback.java:115)
	at java.desktop/java.awt.Container.paint(Container.java:2002)
	at java.desktop/java.awt.Window.paint(Window.java:3952)
	at java.desktop/javax.swing.RepaintManager$4.run(RepaintManager.java:879)
	at java.desktop/javax.swing.RepaintManager$4.run(RepaintManager.java:851)
	at java.base/java.security.AccessController.doPrivileged(Native Method)
	at java.base/java.security.ProtectionDomain$JavaSecurityAccessImpl.doIntersectionPrivilege(ProtectionDomain.java:85)
	at java.desktop/javax.swing.RepaintManager.paintDirtyRegions(RepaintManager.java:851)
	at java.desktop/javax.swing.RepaintManager.paintDirtyRegions(RepaintManager.java:826)
	at java.desktop/javax.swing.RepaintManager.prePaintDirtyRegions(RepaintManager.java:775)
	at java.desktop/javax.swing.RepaintManager$ProcessingRunnable.run(RepaintManager.java:1901)
	at java.desktop/java.awt.event.InvocationEvent.dispatch(InvocationEvent.java:313)
	at java.desktop/java.awt.EventQueue.dispatchEventImpl(EventQueue.java:776)
	at java.desktop/java.awt.EventQueue$4.run(EventQueue.java:727)
	at java.desktop/java.awt.EventQueue$4.run(EventQueue.java:721)
	at java.base/java.security.AccessController.doPrivileged(Native Method)
	at java.base/java.security.ProtectionDomain$JavaSecurityAccessImpl.doIntersectionPrivilege(ProtectionDomain.java:85)
	at java.desktop/java.awt.EventQueue.dispatchEvent(EventQueue.java:746)
	at java.desktop/java.awt.EventDispatchThread.pumpOneEventForFilters(EventDispatchThread.java:203)
	at java.desktop/java.awt.EventDispatchThread.pumpEventsForFilter(EventDispatchThread.java:124)
	at java.desktop/java.awt.EventDispatchThread.pumpEventsForHierarchy(EventDispatchThread.java:113)
	at java.desktop/java.awt.EventDispatchThread.pumpEvents(EventDispatchThread.java:109)
	at java.desktop/java.awt.EventDispatchThread.pumpEvents(EventDispatchThread.java:101)
	at java.desktop/java.awt.EventDispatchThread.run(EventDispatchThread.java:90)
Exception in thread "AWT-EventQueue-0" java.lang.NullPointerException
	at life.SimulationPane.paintComponent(SimulationPane.java:16)
	at java.desktop/javax.swing.JComponent.paint(JComponent.java:1077)
	at java.desktop/javax.swing.JComponent.paintChildren(JComponent.java:910)
	at java.desktop/javax.swing.JComponent.paint(JComponent.java:1086)
	at java.desktop/javax.swing.JComponent.paintChildren(JComponent.java:910)
	at java.desktop/javax.swing.JComponent.paint(JComponent.java:1086)
	at java.desktop/javax.swing.JLayeredPane.paint(JLayeredPane.java:590)
	at java.desktop/javax.swing.JComponent.paintChildren(JComponent.java:910)
	at java.desktop/javax.swing.JComponent.paintToOffscreen(JComponent.java:5270)
	at java.desktop/javax.swing.RepaintManager$PaintManager.paintDoubleBufferedImpl(RepaintManager.java:1654)
	at java.desktop/javax.swing.RepaintManager$PaintManager.paintDoubleBuffered(RepaintManager.java:1629)
	at java.desktop/javax.swing.RepaintManager$PaintManager.paint(RepaintManager.java:1566)
	at java.desktop/javax.swing.RepaintManager.paint(RepaintManager.java:1333)
	at java.desktop/javax.swing.JComponent.paint(JComponent.java:1063)
	at java.desktop/java.awt.GraphicsCallback$PaintCallback.run(GraphicsCallback.java:39)
	at java.desktop/sun.awt.SunGraphicsCallback.runOneComponent(SunGraphicsCallback.java:78)
	at java.desktop/sun.awt.SunGraphicsCallback.runComponents(SunGraphicsCallback.java:115)
	at java.desktop/java.awt.Container.paint(Container.java:2002)
	at java.desktop/java.awt.Window.paint(Window.java:3952)
	at java.desktop/javax.swing.RepaintManager$4.run(RepaintManager.java:879)
	at java.desktop/javax.swing.RepaintManager$4.run(RepaintManager.java:851)
	at java.base/java.security.AccessController.doPrivileged(Native Method)
	at java.base/java.security.ProtectionDomain$JavaSecurityAccessImpl.doIntersectionPrivilege(ProtectionDomain.java:85)
	at java.desktop/javax.swing.RepaintManager.paintDirtyRegions(RepaintManager.java:851)
	at java.desktop/javax.swing.RepaintManager.paintDirtyRegions(RepaintManager.java:826)
	at java.desktop/javax.swing.RepaintManager.prePaintDirtyRegions(RepaintManager.java:775)
	at java.desktop/javax.swing.RepaintManager$ProcessingRunnable.run(RepaintManager.java:1901)
	at java.desktop/java.awt.event.InvocationEvent.dispatch(InvocationEvent.java:313)
	at java.desktop/java.awt.EventQueue.dispatchEventImpl(EventQueue.java:776)
	at java.desktop/java.awt.EventQueue$4.run(EventQueue.java:727)
	at java.desktop/java.awt.EventQueue$4.run(EventQueue.java:721)
	at java.base/java.security.AccessController.doPrivileged(Native Method)
	at java.base/java.security.ProtectionDomain$JavaSecurityAccessImpl.doIntersectionPrivilege(ProtectionDomain.java:85)
	at java.desktop/java.awt.EventQueue.dispatchEvent(EventQueue.java:746)
	at java.desktop/java.awt.EventDispatchThread.pumpOneEventForFilters(EventDispatchThread.java:203)
	at java.desktop/java.awt.EventDispatchThread.pumpEventsForFilter(EventDispatchThread.java:124)
	at java.desktop/java.awt.EventDispatchThread.pumpEventsForHierarchy(EventDispatchThread.java:113)
	at java.desktop/java.awt.EventDispatchThread.pumpEvents(EventDispatchThread.java:109)
	at java.desktop/java.awt.EventDispatchThread.pumpEvents(EventDispatchThread.java:101)
	at java.desktop/java.awt.EventDispatchThread.run(EventDispatchThread.java:90)
]]></system-err>
</testsuite>
