<?xml version="1.0" encoding="UTF-8"?>
<testsuite name="GameOfLifeTest" tests="1" skipped="0" failures="0" errors="0" timestamp="2021-10-06T16:04:26" hostname="STANDRECHNER" time="60.874">
  <properties/>
  <testcase name="start" classname="GameOfLifeTest" time="60.874"/>
  <system-out><![CDATA[?[1;31m
Start test 1?[0m
> 5
Generation #1
Alive: 14

OOO  
OO  O
OO  O
    O
OO OO

Generation #2
Alive: 5

     
   O 
 O O 
  O  
   O 

Generation #3
Alive: 4

     
  O  
   O 
  OO 
     

Generation #4
Alive: 3

     
     
   O 
  OO 
     

Generation #5
Alive: 4

     
     
  OO 
  OO 
     

Generation #6
Alive: 4

     
     
  OO 
  OO 
     

Generation #7
Alive: 4

     
     
  OO 
  OO 
     

Generation #8
Alive: 4

     
     
  OO 
  OO 
     

Generation #9
Alive: 4

     
     
  OO 
  OO 
     

Generation #10
Alive: 4

     
     
  OO 
  OO 
     

?[1;31m
Start test 2?[0m
> 6
Generation #1
Alive: 20

OO OO 
   OOO
 O OO 
 OOO O
OOOO  
O    O

Generation #2
Alive: 7

 OOO  
 O    
 O    
     O
   O  
      

Generation #3
Alive: 6

 OO   
OO    
O     
      
      
   O  

Generation #4
Alive: 8

OOO   
O O   
OO    
      
      
  O   

Generation #5
Alive: 8

O OO  
  O  O
OO    
      
      
  O   

Generation #6
Alive: 10

  OO  
  OO O
OO    
      
      
 OOO  

Generation #7
Alive: 9

      
O  OO 
OOO   
      
  O   
 O O  

Generation #8
Alive: 15

  OOO 
O OO O
OOOO O
  O   
  O   
  O   

Generation #9
Alive: 9

    OO
      
     O
O     
 OOO  
 OO   

Generation #10
Alive: 10

      
    OO
      
OOO   
O  O  
OO  O 

?[1;31m
Start test 3?[0m
> 7
Generation #1
Alive: 21

   O   
 OO O O
O OO OO
  OO   
       
 O O OO
OOOO  O

Generation #2
Alive: 25

    OOO
 O  O O
O    OO
 OOOO O
   OO  
 O OOOO
 O O OO

Generation #3
Alive: 10

  OO   
    O  
       
 OO   O
 O    O
      O
   O   

Generation #4
Alive: 13

  OOO  
   O   
       
 OO    
 OO  OO
O      
  OO   

Generation #5
Alive: 16

    O  
  OOO  
  O    
OOO    
  O   O
O  O  O
 OO O  

Generation #6
Alive: 20

 O  OO 
  O O  
       
O OO   
  OO  O
O  O OO
OOO OO 

Generation #7
Alive: 12

O     O
   OOO 
 OO    
 OOO   
     O 
       
  O    

Generation #8
Alive: 15

   OOOO
OOOOOOO
 O     
 O O   
  O    
       
       

Generation #9
Alive: 8

 O     
 O     
     OO
 O     
  O    
       
    OO 

Generation #10
Alive: 2

       
O      
O      
       
       
       
       

?[1;31m
Start test 4?[0m
> 8
Generation #1
Alive: 40

  OO OO 
 O O  O 
OOOO  O 
OOOOOOOO
    OOOO
OOO OO  
  OO OOO
 OOOOOO 

Generation #2
Alive: 8

       O
O     O 
        
        
        
OOO     
       O
 O      

Generation #3
Alive: 8

O      O
       O
        
        
 O      
OO      
  O     
O       

Generation #4
Alive: 13

O      O
O      O
        
        
OO      
OOO     
O       
OO     O

Generation #5
Alive: 9

      O 
O      O
        
        
O O     
  O    O
  O     
 O      

Generation #6
Alive: 8

O      O
       O
        
        
 O      
  OO    
 OO     
        

Generation #7
Alive: 11

O      O
O      O
        
        
  O     
   O    
 OOO    
OO      

Generation #8
Alive: 8

        
O      O
        
        
        
 O O    
OO O    
       O

Generation #9
Alive: 7

O      O
        
        
        
        
OO      
OO      
O       

Generation #10
Alive: 5

O      O
        
        
        
        
OO      
       O
        

?[1;31m
Start test 5?[0m
> 9
Generation #1
Alive: 30

       O 
O   OO  O
 O O OOO 
 OO  OO  
   O  OO 
    O OO 
O      OO
 OOO O  O
 O    O  

Generation #2
Alive: 33

O    OOOO
O   OO  O
 O O   OO
 O O     
  OOO    
     O   
OOOOOO   
 OO   O O
OO    OO 

Generation #3
Alive: 23

    O    
 O  OO   
 O O   OO
OO       
  OOO    
     O   
O  OOOO  
    O O O
  O      

Generation #4
Alive: 29

   OOO   
O OOOO   
 O  O   O
OO  O   O
 OOOO    
  O   O  
   O  OO 
    O OO 
   O O   

Generation #5
Alive: 20

      O  
OOO      
        O
    OO  O
    OO   
 O  OOOO 
   O     
   OO  O 
   O     

Generation #6
Alive: 20

 OO      
OO       
 O      O
    OO   
   O   O 
   O  O  
  OO   O 
  OOO    
   OO    

Generation #7
Alive: 15

OOOO     
         
 O       
    O    
   O OO  
   OO OO 
         
         
 O  O    

Generation #8
Alive: 17

OOOO     
O        
         
    OO   
   O  OO 
   OO OO 
         
         
OO O     

Generation #9
Alive: 16

   O    O
O O      
         
    OOO  
   O   O 
   OOOOO 
         
         
O  O     

Generation #10
Alive: 19

OOOO    O
         
     O   
    OOO  
   O   O 
   OOOOO 
    OOO  
         
         

?[1;31m
Start test 6?[0m
> 10
Generation #1
Alive: 55

 OO  OO OO
 OOO    O 
  O  OO OO
O  O  OO O
 O  OO  OO
O  OO  OO 
O O  OOO O
OO OO  OOO
 OO OOOOOO
 O  O O  O

Generation #2
Alive: 21

    OOO OO
   OO     
    OOO   
 OOO      
 OO  O    
  OO      
  O  O    
          
          
    O     

Generation #3
Alive: 12

          
   O   O  
     O    
 O O  O   
    O     
   OO     
  OO      
          
          
    O     

Generation #4
Alive: 13

          
          
  O O O   
    OO    
  O OO    
  O O     
  OOO     
          
          
          

Generation #5
Alive: 8

          
          
   OO     
      O   
          
 OO       
  O O     
   O      
          
          

Generation #6
Alive: 6

          
          
          
          
          
 OOO      
 OO       
   O      
          
          

Generation #7
Alive: 5

          
          
          
          
  O       
 O O      
 O        
  O       
          
          

Generation #8
Alive: 3

          
          
          
          
  O       
 O        
 O        
          
          
          

Generation #9
Alive: 2

          
          
          
          
          
 OO       
          
          
          
          

Generation #10
Alive: 0

          
          
          
          
          
          
          
          
          
          

]]></system-out>
  <system-err><![CDATA[]]></system-err>
</testsuite>
